#
# A fatal error has been detected by the Java Runtime Environment:
#
#  EXCEPTION_ACCESS_VIOLATION (0xc0000005) at pc=0x00007ffbc23453a9, pid=8540, tid=16144
#
# JRE version: Java(TM) SE Runtime Environment (13.0.2+8) (build 13.0.2+8)
# Java VM: Java HotSpot(TM) 64-Bit Server VM (13.0.2+8, mixed mode, sharing, tiered, compressed oops, g1 gc, windows-amd64)
# Problematic frame:
# V  [jvm.dll+0x2453a9]
#
# No core dump will be written. Minidumps are not enabled by default on client versions of Windows
#
# If you would like to submit a bug report, please visit:
#   http://bugreport.java.com/bugreport/crash.jsp
#

---------------  S U M M A R Y ------------

Command Line: -agentlib:jdwp=transport=dt_socket,suspend=y,address=localhost:58078 -javaagent:C:\Users\Luis Henrique\eclipse\java-2020-06\eclipse\configuration\org.eclipse.osgi\222\0\.cp\lib\javaagent-shaded.jar -Dfile.encoding=UTF-8 validador.validador.service.SenhaService

Host: AMD Ryzen 5 3600 6-Core Processor              , 12 cores, 7G,  Windows 10 , 64 bit Build 19041 (10.0.19041.928)
Time: Wed Apr 28 23:45:55 2021 Hora oficial do Brasil elapsed time: 161 seconds (0d 0h 2m 41s)

---------------  T H R E A D  ---------------

Current thread (0x000001e3dbdc7000):  JavaThread "JDWP Transport Listener: dt_socket" daemon [_thread_in_vm, id=16144, stack(0x0000008547400000,0x0000008547500000)] _threads_hazard_ptr=0x000001e3dc44a2c0

Stack: [0x0000008547400000,0x0000008547500000],  sp=0x00000085474fe5b8,  free space=1017k
Native frames: (J=compiled Java code, j=interpreted, Vv=VM code, C=native code)
V  [jvm.dll+0x2453a9]


siginfo: EXCEPTION_ACCESS_VIOLATION (0xc0000005), reading address 0x000001e3db87d028


Register to memory mapping:

RIP=0x00007ffbc23453a9 jvm.dll
RAX=0x0000000000194180 is an unknown value
RBX=0x000001e3db6e8550 is pointing into metadata
RCX=0x000001e3db6e8ea8 is pointing into metadata
RDX=0x000000000000ca0b is an unknown value
RSP=0x00000085474fe5b8 is pointing into the stack for thread: 0x000001e3dbdc7000
RBP=0x00000085474feb60 is pointing into the stack for thread: 0x000001e3dbdc7000
RSI=0x00000085474fecd0 is pointing into the stack for thread: 0x000001e3dbdc7000
RDI=0x00000085474fecd0 is pointing into the stack for thread: 0x000001e3dbdc7000
R8 =0x0 is NULL
R9 =0x000001e3db6e8550 is pointing into metadata
R10=0x00007ffbc2100000 jvm.dll
R11={method} {0x000001e3db6e8df0} 'main' '([Ljava/lang/String;)V' in 'validador/validador/service/SenhaService'
R12=0x000001e3dc61a5a8 points into unknown readable memory: 00 41 e6 88 46 00 00 00
R13=0x0000000000000118 is an unknown value
R14=0x000001e3db6e8d9b is pointing into metadata
R15=0x000000000000004f is an unknown value


Registers:
RAX=0x0000000000194180, RBX=0x000001e3db6e8550, RCX=0x000001e3db6e8ea8, RDX=0x000000000000ca0b
RSP=0x00000085474fe5b8, RBP=0x00000085474feb60, RSI=0x00000085474fecd0, RDI=0x00000085474fecd0
R8 =0x0000000000000000, R9 =0x000001e3db6e8550, R10=0x00007ffbc2100000, R11=0x000001e3db6e8de8
R12=0x000001e3dc61a5a8, R13=0x0000000000000118, R14=0x000001e3db6e8d9b, R15=0x000000000000004f
RIP=0x00007ffbc23453a9, EFLAGS=0x0000000000010212

Top of Stack: (sp=0x00000085474fe5b8)
0x00000085474fe5b8:   00007ffbc234542e 00000085474fe620
0x00000085474fe5c8:   0000000000000000 0000000000000000
0x00000085474fe5d8:   0000000000000000 0000000000000000
0x00000085474fe5e8:   00007ffbc242fd40 0000000000000000
0x00000085474fe5f8:   00000085474fecd0 0000000000000000
0x00000085474fe608:   0000000000000000 0000000000000000
0x00000085474fe618:   0000000000000000 00007ffbc297ffa0
0x00000085474fe628:   0000000800410840 0000000000000003
0x00000085474fe638:   000000000000000c 00000085474fe660
0x00000085474fe648:   0000000000000002 0000000046000010
0x00000085474fe658:   0000000000000000 2fffffff4fffffff
0x00000085474fe668:   0000000000000000 0000000000000000
0x00000085474fe678:   0000000000000000 0000000000000000
0x00000085474fe688:   0000000000000000 0000000000000000
0x00000085474fe698:   0000000000000000 0000000000000000
0x00000085474fe6a8:   0000000000000000 0000000000000000 

Instructions: (pc=0x00007ffbc23453a9)
0x00007ffbc23452a9:   03 03 03 03 03 03 03 03 03 03 03 03 03 03 03 03
0x00007ffbc23452b9:   03 03 03 03 03 03 03 03 03 03 03 03 03 03 03 03
0x00007ffbc23452c9:   03 03 03 03 03 03 03 03 03 03 03 03 03 03 03 03
0x00007ffbc23452d9:   03 03 03 03 03 03 03 03 03 03 03 03 03 03 03 03
0x00007ffbc23452e9:   03 03 02 03 03 02 cc 48 89 5c 24 08 48 89 74 24
0x00007ffbc23452f9:   10 57 48 83 ec 20 48 63 da 41 0f b6 f0 48 8b f9
0x00007ffbc2345309:   85 d2 79 24 4c 8d 0d 24 43 62 00 ba 97 02 00 00
0x00007ffbc2345319:   4c 8d 05 50 43 62 00 48 8d 0d b9 42 62 00 e8 04
0x00007ffbc2345329:   6b 00 00 e8 bf f7 3d 00 40 84 f6 75 18 48 8b 4f
0x00007ffbc2345339:   10 48 85 c9 74 0f 48 8d 43 01 48 c1 e0 05 48 8b
0x00007ffbc2345349:   04 08 0f b7 d8 48 8b 74 24 38 48 63 c3 48 8b 5c
0x00007ffbc2345359:   24 30 0f b7 44 c7 40 48 83 c4 20 5f c3 cc cc cc
0x00007ffbc2345369:   cc cc cc cc cc cc cc 4c 8b c9 45 84 c0 75 42 48
0x00007ffbc2345379:   8b 49 10 48 85 c9 74 39 85 d2 79 1a f7 d2 48 63
0x00007ffbc2345389:   c2 48 ff c0 48 c1 e0 05 48 8b 04 08 0f b7 c8 41
0x00007ffbc2345399:   0f b7 44 c9 42 c3 48 63 c2 48 ff c0 48 c1 e0 05
0x00007ffbc23453a9:   48 8b 04 08 0f b7 d0 48 63 c2 41 0f b7 44 c1 42
0x00007ffbc23453b9:   c3 49 8b 41 08 4c 63 c2 42 0f b6 44 00 04 8d 48
0x00007ffbc23453c9:   ef 80 f9 01 76 0e 3c 6a 74 0a 48 63 c2 41 0f b7
0x00007ffbc23453d9:   44 c1 42 c3 43 0f b7 44 c1 42 c3 cc cc cc cc cc
0x00007ffbc23453e9:   cc cc cc cc cc cc cc 40 53 48 83 ec 20 48 8b d9
0x00007ffbc23453f9:   e8 72 ff ff ff 48 63 d0 0f b7 44 d3 40 48 8b 44
0x00007ffbc2345409:   c3 40 48 83 c4 20 5b c3 cc cc cc cc cc cc cc cc
0x00007ffbc2345419:   cc cc cc cc cc cc cc 40 53 48 83 ec 20 48 8b d9
0x00007ffbc2345429:   e8 42 ff ff ff 48 63 d0 0f b7 44 d3 42 48 8b 44
0x00007ffbc2345439:   c3 40 48 83 c4 20 5b c3 cc cc cc cc cc cc cc cc
0x00007ffbc2345449:   cc cc cc cc cc cc cc 4c 8b d1 45 84 c9 75 23 4c
0x00007ffbc2345459:   8b 49 10 4d 85 c9 74 1a 45 85 c0 79 03 41 f7 d0
0x00007ffbc2345469:   49 63 c0 48 ff c0 48 c1 e0 05 4a 8b 04 08 44 0f
0x00007ffbc2345479:   b7 c0 49 8b 42 08 49 63 c8 0f b6 4c 08 04 48 8b
0x00007ffbc2345489:   c2 88 0a c3 cc cc cc 40 56 57 41 54 41 56 41 57
0x00007ffbc2345499:   48 83 ec 20 45 8b 30 49 8b f0 49 63 f9 4c 8b e2 


Stack slot to memory mapping:
stack at sp + 0 slots: 0x00007ffbc234542e jvm.dll
stack at sp + 1 slots: 0x00000085474fe620 is pointing into the stack for thread: 0x000001e3dbdc7000
stack at sp + 2 slots: 0x0 is NULL
stack at sp + 3 slots: 0x0 is NULL
stack at sp + 4 slots: 0x0 is NULL
stack at sp + 5 slots: 0x0 is NULL
stack at sp + 6 slots: 0x00007ffbc242fd40 jvm.dll
stack at sp + 7 slots: 0x0 is NULL


---------------  P R O C E S S  ---------------

Threads class SMR info:
_java_thread_list=0x000001e3dc44a2c0, length=13, elements={
0x000001e3bc066000, 0x000001e3db266800, 0x000001e3db26a000, 0x000001e3db284000,
0x000001e3db285800, 0x000001e3db286800, 0x000001e3db294000, 0x000001e3dbbb8800,
0x000001e3db24f000, 0x000001e3dbdc7000, 0x000001e3dbdc8000, 0x000001e3dbd73000,
0x000001e3dc58e000
}

Java Threads: ( => current thread )
  0x000001e3bc066000 JavaThread "main" [_thread_blocked, id=2848, stack(0x0000008546400000,0x0000008546500000)]
  0x000001e3db266800 JavaThread "Reference Handler" daemon [_thread_blocked, id=2256, stack(0x0000008546b00000,0x0000008546c00000)]
  0x000001e3db26a000 JavaThread "Finalizer" daemon [_thread_blocked, id=15160, stack(0x0000008546c00000,0x0000008546d00000)]
  0x000001e3db284000 JavaThread "Signal Dispatcher" daemon [_thread_blocked, id=15308, stack(0x0000008546d00000,0x0000008546e00000)]
  0x000001e3db285800 JavaThread "Attach Listener" daemon [_thread_blocked, id=15672, stack(0x0000008546e00000,0x0000008546f00000)]
  0x000001e3db286800 JavaThread "C2 CompilerThread0" daemon [_thread_blocked, id=14448, stack(0x0000008546f00000,0x0000008547000000)]
  0x000001e3db294000 JavaThread "C1 CompilerThread0" daemon [_thread_blocked, id=9992, stack(0x0000008547000000,0x0000008547100000)]
  0x000001e3dbbb8800 JavaThread "Sweeper thread" daemon [_thread_blocked, id=10032, stack(0x0000008547100000,0x0000008547200000)]
  0x000001e3db24f000 JavaThread "Common-Cleaner" daemon [_thread_blocked, id=4316, stack(0x0000008547200000,0x0000008547300000)]
=>0x000001e3dbdc7000 JavaThread "JDWP Transport Listener: dt_socket" daemon [_thread_in_vm, id=16144, stack(0x0000008547400000,0x0000008547500000)]
  0x000001e3dbdc8000 JavaThread "JDWP Event Helper Thread" daemon [_thread_blocked, id=3972, stack(0x0000008547500000,0x0000008547600000)]
  0x000001e3dbd73000 JavaThread "JDWP Command Reader" daemon [_thread_in_native, id=12060, stack(0x0000008547600000,0x0000008547700000)]
  0x000001e3dc58e000 JavaThread "Service Thread" daemon [_thread_blocked, id=4276, stack(0x0000008547700000,0x0000008547800000)]

Other Threads:
  0x000001e3db265800 VMThread "VM Thread" [stack: 0x0000008546a00000,0x0000008546b00000] [id=2356]
  0x000001e3dc631800 WatcherThread [stack: 0x0000008547800000,0x0000008547900000] [id=8408]
  0x000001e3bc0a6000 GCTaskThread "GC Thread#0" [stack: 0x0000008546500000,0x0000008546600000] [id=15148]
  0x000001e3bc0bb000 ConcurrentGCThread "G1 Main Marker" [stack: 0x0000008546600000,0x0000008546700000] [id=15700]
  0x000001e3bc0c1800 ConcurrentGCThread "G1 Conc#0" [stack: 0x0000008546700000,0x0000008546800000] [id=16172]
  0x000001e3bc0fe800 ConcurrentGCThread "G1 Refine#0" [stack: 0x0000008546800000,0x0000008546900000] [id=5628]
  0x000001e3db0e2800 ConcurrentGCThread "G1 Young RemSet Sampling" [stack: 0x0000008546900000,0x0000008546a00000] [id=8528]

Threads with active compile tasks:

VM state:not at safepoint (normal execution)

VM Mutex/Monitor currently owned by a thread: None

Heap address: 0x0000000081000000, size: 2032 MB, Compressed Oops mode: 32-bit
Narrow klass base: 0x0000000800000000, Narrow klass shift: 3
Compressed class space size: 1073741824 Address: 0x0000000800b40000

Heap:
 garbage-first heap   total 131072K, used 8192K [0x0000000081000000, 0x0000000100000000)
  region size 1024K, 9 young (9216K), 0 survivors (0K)
 Metaspace       used 2838K, capacity 4845K, committed 5120K, reserved 1056768K
  class space    used 257K, capacity 443K, committed 512K, reserved 1048576K
Heap Regions: E=young(eden), S=young(survivor), O=old, HS=humongous(starts), HC=humongous(continues), CS=collection set, F=free, A=archive, TAMS=top-at-mark-start (previous, next)
|   0|0x0000000081000000, 0x0000000081100000, 0x0000000081100000|100%|HS|  |TAMS 0x0000000081000000, 0x0000000081000000| Complete 
|   1|0x0000000081100000, 0x0000000081100000, 0x0000000081200000|  0%| F|  |TAMS 0x0000000081100000, 0x0000000081100000| Untracked 
|   2|0x0000000081200000, 0x0000000081200000, 0x0000000081300000|  0%| F|  |TAMS 0x0000000081200000, 0x0000000081200000| Untracked 
|   3|0x0000000081300000, 0x0000000081300000, 0x0000000081400000|  0%| F|  |TAMS 0x0000000081300000, 0x0000000081300000| Untracked 
|   4|0x0000000081400000, 0x0000000081400000, 0x0000000081500000|  0%| F|  |TAMS 0x0000000081400000, 0x0000000081400000| Untracked 
|   5|0x0000000081500000, 0x0000000081500000, 0x0000000081600000|  0%| F|  |TAMS 0x0000000081500000, 0x0000000081500000| Untracked 
|   6|0x0000000081600000, 0x0000000081600000, 0x0000000081700000|  0%| F|  |TAMS 0x0000000081600000, 0x0000000081600000| Untracked 
|   7|0x0000000081700000, 0x0000000081700000, 0x0000000081800000|  0%| F|  |TAMS 0x0000000081700000, 0x0000000081700000| Untracked 
|   8|0x0000000081800000, 0x0000000081800000, 0x0000000081900000|  0%| F|  |TAMS 0x0000000081800000, 0x0000000081800000| Untracked 
|   9|0x0000000081900000, 0x0000000081900000, 0x0000000081a00000|  0%| F|  |TAMS 0x0000000081900000, 0x0000000081900000| Untracked 
|  10|0x0000000081a00000, 0x0000000081a00000, 0x0000000081b00000|  0%| F|  |TAMS 0x0000000081a00000, 0x0000000081a00000| Untracked 
|  11|0x0000000081b00000, 0x0000000081b00000, 0x0000000081c00000|  0%| F|  |TAMS 0x0000000081b00000, 0x0000000081b00000| Untracked 
|  12|0x0000000081c00000, 0x0000000081c00000, 0x0000000081d00000|  0%| F|  |TAMS 0x0000000081c00000, 0x0000000081c00000| Untracked 
|  13|0x0000000081d00000, 0x0000000081d00000, 0x0000000081e00000|  0%| F|  |TAMS 0x0000000081d00000, 0x0000000081d00000| Untracked 
|  14|0x0000000081e00000, 0x0000000081e00000, 0x0000000081f00000|  0%| F|  |TAMS 0x0000000081e00000, 0x0000000081e00000| Untracked 
|  15|0x0000000081f00000, 0x0000000081f00000, 0x0000000082000000|  0%| F|  |TAMS 0x0000000081f00000, 0x0000000081f00000| Untracked 
|  16|0x0000000082000000, 0x0000000082000000, 0x0000000082100000|  0%| F|  |TAMS 0x0000000082000000, 0x0000000082000000| Untracked 
|  17|0x0000000082100000, 0x0000000082100000, 0x0000000082200000|  0%| F|  |TAMS 0x0000000082100000, 0x0000000082100000| Untracked 
|  18|0x0000000082200000, 0x0000000082200000, 0x0000000082300000|  0%| F|  |TAMS 0x0000000082200000, 0x0000000082200000| Untracked 
|  19|0x0000000082300000, 0x0000000082300000, 0x0000000082400000|  0%| F|  |TAMS 0x0000000082300000, 0x0000000082300000| Untracked 
|  20|0x0000000082400000, 0x0000000082400000, 0x0000000082500000|  0%| F|  |TAMS 0x0000000082400000, 0x0000000082400000| Untracked 
|  21|0x0000000082500000, 0x0000000082500000, 0x0000000082600000|  0%| F|  |TAMS 0x0000000082500000, 0x0000000082500000| Untracked 
|  22|0x0000000082600000, 0x0000000082600000, 0x0000000082700000|  0%| F|  |TAMS 0x0000000082600000, 0x0000000082600000| Untracked 
|  23|0x0000000082700000, 0x0000000082700000, 0x0000000082800000|  0%| F|  |TAMS 0x0000000082700000, 0x0000000082700000| Untracked 
|  24|0x0000000082800000, 0x0000000082800000, 0x0000000082900000|  0%| F|  |TAMS 0x0000000082800000, 0x0000000082800000| Untracked 
|  25|0x0000000082900000, 0x0000000082900000, 0x0000000082a00000|  0%| F|  |TAMS 0x0000000082900000, 0x0000000082900000| Untracked 
|  26|0x0000000082a00000, 0x0000000082a00000, 0x0000000082b00000|  0%| F|  |TAMS 0x0000000082a00000, 0x0000000082a00000| Untracked 
|  27|0x0000000082b00000, 0x0000000082b00000, 0x0000000082c00000|  0%| F|  |TAMS 0x0000000082b00000, 0x0000000082b00000| Untracked 
|  28|0x0000000082c00000, 0x0000000082c00000, 0x0000000082d00000|  0%| F|  |TAMS 0x0000000082c00000, 0x0000000082c00000| Untracked 
|  29|0x0000000082d00000, 0x0000000082d00000, 0x0000000082e00000|  0%| F|  |TAMS 0x0000000082d00000, 0x0000000082d00000| Untracked 
|  30|0x0000000082e00000, 0x0000000082e00000, 0x0000000082f00000|  0%| F|  |TAMS 0x0000000082e00000, 0x0000000082e00000| Untracked 
|  31|0x0000000082f00000, 0x0000000082f00000, 0x0000000083000000|  0%| F|  |TAMS 0x0000000082f00000, 0x0000000082f00000| Untracked 
|  32|0x0000000083000000, 0x0000000083000000, 0x0000000083100000|  0%| F|  |TAMS 0x0000000083000000, 0x0000000083000000| Untracked 
|  33|0x0000000083100000, 0x0000000083100000, 0x0000000083200000|  0%| F|  |TAMS 0x0000000083100000, 0x0000000083100000| Untracked 
|  34|0x0000000083200000, 0x0000000083200000, 0x0000000083300000|  0%| F|  |TAMS 0x0000000083200000, 0x0000000083200000| Untracked 
|  35|0x0000000083300000, 0x0000000083300000, 0x0000000083400000|  0%| F|  |TAMS 0x0000000083300000, 0x0000000083300000| Untracked 
|  36|0x0000000083400000, 0x0000000083400000, 0x0000000083500000|  0%| F|  |TAMS 0x0000000083400000, 0x0000000083400000| Untracked 
|  37|0x0000000083500000, 0x0000000083500000, 0x0000000083600000|  0%| F|  |TAMS 0x0000000083500000, 0x0000000083500000| Untracked 
|  38|0x0000000083600000, 0x0000000083600000, 0x0000000083700000|  0%| F|  |TAMS 0x0000000083600000, 0x0000000083600000| Untracked 
|  39|0x0000000083700000, 0x0000000083700000, 0x0000000083800000|  0%| F|  |TAMS 0x0000000083700000, 0x0000000083700000| Untracked 
|  40|0x0000000083800000, 0x0000000083800000, 0x0000000083900000|  0%| F|  |TAMS 0x0000000083800000, 0x0000000083800000| Untracked 
|  41|0x0000000083900000, 0x0000000083900000, 0x0000000083a00000|  0%| F|  |TAMS 0x0000000083900000, 0x0000000083900000| Untracked 
|  42|0x0000000083a00000, 0x0000000083a00000, 0x0000000083b00000|  0%| F|  |TAMS 0x0000000083a00000, 0x0000000083a00000| Untracked 
|  43|0x0000000083b00000, 0x0000000083b00000, 0x0000000083c00000|  0%| F|  |TAMS 0x0000000083b00000, 0x0000000083b00000| Untracked 
|  44|0x0000000083c00000, 0x0000000083c00000, 0x0000000083d00000|  0%| F|  |TAMS 0x0000000083c00000, 0x0000000083c00000| Untracked 
|  45|0x0000000083d00000, 0x0000000083d00000, 0x0000000083e00000|  0%| F|  |TAMS 0x0000000083d00000, 0x0000000083d00000| Untracked 
|  46|0x0000000083e00000, 0x0000000083e00000, 0x0000000083f00000|  0%| F|  |TAMS 0x0000000083e00000, 0x0000000083e00000| Untracked 
|  47|0x0000000083f00000, 0x0000000083f00000, 0x0000000084000000|  0%| F|  |TAMS 0x0000000083f00000, 0x0000000083f00000| Untracked 
|  48|0x0000000084000000, 0x0000000084000000, 0x0000000084100000|  0%| F|  |TAMS 0x0000000084000000, 0x0000000084000000| Untracked 
|  49|0x0000000084100000, 0x0000000084100000, 0x0000000084200000|  0%| F|  |TAMS 0x0000000084100000, 0x0000000084100000| Untracked 
|  50|0x0000000084200000, 0x0000000084200000, 0x0000000084300000|  0%| F|  |TAMS 0x0000000084200000, 0x0000000084200000| Untracked 
|  51|0x0000000084300000, 0x0000000084300000, 0x0000000084400000|  0%| F|  |TAMS 0x0000000084300000, 0x0000000084300000| Untracked 
|  52|0x0000000084400000, 0x0000000084400000, 0x0000000084500000|  0%| F|  |TAMS 0x0000000084400000, 0x0000000084400000| Untracked 
|  53|0x0000000084500000, 0x0000000084500000, 0x0000000084600000|  0%| F|  |TAMS 0x0000000084500000, 0x0000000084500000| Untracked 
|  54|0x0000000084600000, 0x0000000084600000, 0x0000000084700000|  0%| F|  |TAMS 0x0000000084600000, 0x0000000084600000| Untracked 
|  55|0x0000000084700000, 0x0000000084700000, 0x0000000084800000|  0%| F|  |TAMS 0x0000000084700000, 0x0000000084700000| Untracked 
|  56|0x0000000084800000, 0x0000000084800000, 0x0000000084900000|  0%| F|  |TAMS 0x0000000084800000, 0x0000000084800000| Untracked 
|  57|0x0000000084900000, 0x0000000084900000, 0x0000000084a00000|  0%| F|  |TAMS 0x0000000084900000, 0x0000000084900000| Untracked 
|  58|0x0000000084a00000, 0x0000000084a00000, 0x0000000084b00000|  0%| F|  |TAMS 0x0000000084a00000, 0x0000000084a00000| Untracked 
|  59|0x0000000084b00000, 0x0000000084b00000, 0x0000000084c00000|  0%| F|  |TAMS 0x0000000084b00000, 0x0000000084b00000| Untracked 
|  60|0x0000000084c00000, 0x0000000084c00000, 0x0000000084d00000|  0%| F|  |TAMS 0x0000000084c00000, 0x0000000084c00000| Untracked 
|  61|0x0000000084d00000, 0x0000000084d00000, 0x0000000084e00000|  0%| F|  |TAMS 0x0000000084d00000, 0x0000000084d00000| Untracked 
|  62|0x0000000084e00000, 0x0000000084e00000, 0x0000000084f00000|  0%| F|  |TAMS 0x0000000084e00000, 0x0000000084e00000| Untracked 
|  63|0x0000000084f00000, 0x0000000084f00000, 0x0000000085000000|  0%| F|  |TAMS 0x0000000084f00000, 0x0000000084f00000| Untracked 
|  64|0x0000000085000000, 0x0000000085000000, 0x0000000085100000|  0%| F|  |TAMS 0x0000000085000000, 0x0000000085000000| Untracked 
|  65|0x0000000085100000, 0x0000000085100000, 0x0000000085200000|  0%| F|  |TAMS 0x0000000085100000, 0x0000000085100000| Untracked 
|  66|0x0000000085200000, 0x0000000085200000, 0x0000000085300000|  0%| F|  |TAMS 0x0000000085200000, 0x0000000085200000| Untracked 
|  67|0x0000000085300000, 0x0000000085300000, 0x0000000085400000|  0%| F|  |TAMS 0x0000000085300000, 0x0000000085300000| Untracked 
|  68|0x0000000085400000, 0x0000000085400000, 0x0000000085500000|  0%| F|  |TAMS 0x0000000085400000, 0x0000000085400000| Untracked 
|  69|0x0000000085500000, 0x0000000085500000, 0x0000000085600000|  0%| F|  |TAMS 0x0000000085500000, 0x0000000085500000| Untracked 
|  70|0x0000000085600000, 0x0000000085600000, 0x0000000085700000|  0%| F|  |TAMS 0x0000000085600000, 0x0000000085600000| Untracked 
|  71|0x0000000085700000, 0x0000000085700000, 0x0000000085800000|  0%| F|  |TAMS 0x0000000085700000, 0x0000000085700000| Untracked 
|  72|0x0000000085800000, 0x0000000085800000, 0x0000000085900000|  0%| F|  |TAMS 0x0000000085800000, 0x0000000085800000| Untracked 
|  73|0x0000000085900000, 0x0000000085900000, 0x0000000085a00000|  0%| F|  |TAMS 0x0000000085900000, 0x0000000085900000| Untracked 
|  74|0x0000000085a00000, 0x0000000085a00000, 0x0000000085b00000|  0%| F|  |TAMS 0x0000000085a00000, 0x0000000085a00000| Untracked 
|  75|0x0000000085b00000, 0x0000000085b00000, 0x0000000085c00000|  0%| F|  |TAMS 0x0000000085b00000, 0x0000000085b00000| Untracked 
|  76|0x0000000085c00000, 0x0000000085c00000, 0x0000000085d00000|  0%| F|  |TAMS 0x0000000085c00000, 0x0000000085c00000| Untracked 
|  77|0x0000000085d00000, 0x0000000085d00000, 0x0000000085e00000|  0%| F|  |TAMS 0x0000000085d00000, 0x0000000085d00000| Untracked 
|  78|0x0000000085e00000, 0x0000000085e00000, 0x0000000085f00000|  0%| F|  |TAMS 0x0000000085e00000, 0x0000000085e00000| Untracked 
|  79|0x0000000085f00000, 0x0000000085f00000, 0x0000000086000000|  0%| F|  |TAMS 0x0000000085f00000, 0x0000000085f00000| Untracked 
|  80|0x0000000086000000, 0x0000000086000000, 0x0000000086100000|  0%| F|  |TAMS 0x0000000086000000, 0x0000000086000000| Untracked 
|  81|0x0000000086100000, 0x0000000086100000, 0x0000000086200000|  0%| F|  |TAMS 0x0000000086100000, 0x0000000086100000| Untracked 
|  82|0x0000000086200000, 0x0000000086200000, 0x0000000086300000|  0%| F|  |TAMS 0x0000000086200000, 0x0000000086200000| Untracked 
|  83|0x0000000086300000, 0x0000000086300000, 0x0000000086400000|  0%| F|  |TAMS 0x0000000086300000, 0x0000000086300000| Untracked 
|  84|0x0000000086400000, 0x0000000086400000, 0x0000000086500000|  0%| F|  |TAMS 0x0000000086400000, 0x0000000086400000| Untracked 
|  85|0x0000000086500000, 0x0000000086500000, 0x0000000086600000|  0%| F|  |TAMS 0x0000000086500000, 0x0000000086500000| Untracked 
|  86|0x0000000086600000, 0x0000000086600000, 0x0000000086700000|  0%| F|  |TAMS 0x0000000086600000, 0x0000000086600000| Untracked 
|  87|0x0000000086700000, 0x0000000086700000, 0x0000000086800000|  0%| F|  |TAMS 0x0000000086700000, 0x0000000086700000| Untracked 
|  88|0x0000000086800000, 0x0000000086800000, 0x0000000086900000|  0%| F|  |TAMS 0x0000000086800000, 0x0000000086800000| Untracked 
|  89|0x0000000086900000, 0x0000000086900000, 0x0000000086a00000|  0%| F|  |TAMS 0x0000000086900000, 0x0000000086900000| Untracked 
|  90|0x0000000086a00000, 0x0000000086a00000, 0x0000000086b00000|  0%| F|  |TAMS 0x0000000086a00000, 0x0000000086a00000| Untracked 
|  91|0x0000000086b00000, 0x0000000086b00000, 0x0000000086c00000|  0%| F|  |TAMS 0x0000000086b00000, 0x0000000086b00000| Untracked 
|  92|0x0000000086c00000, 0x0000000086c00000, 0x0000000086d00000|  0%| F|  |TAMS 0x0000000086c00000, 0x0000000086c00000| Untracked 
|  93|0x0000000086d00000, 0x0000000086d00000, 0x0000000086e00000|  0%| F|  |TAMS 0x0000000086d00000, 0x0000000086d00000| Untracked 
|  94|0x0000000086e00000, 0x0000000086e00000, 0x0000000086f00000|  0%| F|  |TAMS 0x0000000086e00000, 0x0000000086e00000| Untracked 
|  95|0x0000000086f00000, 0x0000000086f00000, 0x0000000087000000|  0%| F|  |TAMS 0x0000000086f00000, 0x0000000086f00000| Untracked 
|  96|0x0000000087000000, 0x0000000087000000, 0x0000000087100000|  0%| F|  |TAMS 0x0000000087000000, 0x0000000087000000| Untracked 
|  97|0x0000000087100000, 0x0000000087100000, 0x0000000087200000|  0%| F|  |TAMS 0x0000000087100000, 0x0000000087100000| Untracked 
|  98|0x0000000087200000, 0x0000000087200000, 0x0000000087300000|  0%| F|  |TAMS 0x0000000087200000, 0x0000000087200000| Untracked 
|  99|0x0000000087300000, 0x0000000087300000, 0x0000000087400000|  0%| F|  |TAMS 0x0000000087300000, 0x0000000087300000| Untracked 
| 100|0x0000000087400000, 0x0000000087400000, 0x0000000087500000|  0%| F|  |TAMS 0x0000000087400000, 0x0000000087400000| Untracked 
| 101|0x0000000087500000, 0x0000000087500000, 0x0000000087600000|  0%| F|  |TAMS 0x0000000087500000, 0x0000000087500000| Untracked 
| 102|0x0000000087600000, 0x0000000087600000, 0x0000000087700000|  0%| F|  |TAMS 0x0000000087600000, 0x0000000087600000| Untracked 
| 103|0x0000000087700000, 0x0000000087700000, 0x0000000087800000|  0%| F|  |TAMS 0x0000000087700000, 0x0000000087700000| Untracked 
| 104|0x0000000087800000, 0x0000000087800000, 0x0000000087900000|  0%| F|  |TAMS 0x0000000087800000, 0x0000000087800000| Untracked 
| 105|0x0000000087900000, 0x0000000087900000, 0x0000000087a00000|  0%| F|  |TAMS 0x0000000087900000, 0x0000000087900000| Untracked 
| 106|0x0000000087a00000, 0x0000000087a00000, 0x0000000087b00000|  0%| F|  |TAMS 0x0000000087a00000, 0x0000000087a00000| Untracked 
| 107|0x0000000087b00000, 0x0000000087b00000, 0x0000000087c00000|  0%| F|  |TAMS 0x0000000087b00000, 0x0000000087b00000| Untracked 
| 108|0x0000000087c00000, 0x0000000087c00000, 0x0000000087d00000|  0%| F|  |TAMS 0x0000000087c00000, 0x0000000087c00000| Untracked 
| 109|0x0000000087d00000, 0x0000000087d00000, 0x0000000087e00000|  0%| F|  |TAMS 0x0000000087d00000, 0x0000000087d00000| Untracked 
| 110|0x0000000087e00000, 0x0000000087e00000, 0x0000000087f00000|  0%| F|  |TAMS 0x0000000087e00000, 0x0000000087e00000| Untracked 
| 111|0x0000000087f00000, 0x0000000087f00000, 0x0000000088000000|  0%| F|  |TAMS 0x0000000087f00000, 0x0000000087f00000| Untracked 
| 112|0x0000000088000000, 0x0000000088000000, 0x0000000088100000|  0%| F|  |TAMS 0x0000000088000000, 0x0000000088000000| Untracked 
| 113|0x0000000088100000, 0x0000000088100000, 0x0000000088200000|  0%| F|  |TAMS 0x0000000088100000, 0x0000000088100000| Untracked 
| 114|0x0000000088200000, 0x0000000088200000, 0x0000000088300000|  0%| F|  |TAMS 0x0000000088200000, 0x0000000088200000| Untracked 
| 115|0x0000000088300000, 0x0000000088300000, 0x0000000088400000|  0%| F|  |TAMS 0x0000000088300000, 0x0000000088300000| Untracked 
| 116|0x0000000088400000, 0x0000000088400000, 0x0000000088500000|  0%| F|  |TAMS 0x0000000088400000, 0x0000000088400000| Untracked 
| 117|0x0000000088500000, 0x0000000088500000, 0x0000000088600000|  0%| F|  |TAMS 0x0000000088500000, 0x0000000088500000| Untracked 
| 118|0x0000000088600000, 0x0000000088600000, 0x0000000088700000|  0%| F|  |TAMS 0x0000000088600000, 0x0000000088600000| Untracked 
| 119|0x0000000088700000, 0x00000000887f8428, 0x0000000088800000| 96%| E|  |TAMS 0x0000000088700000, 0x0000000088700000| Complete 
| 120|0x0000000088800000, 0x0000000088900000, 0x0000000088900000|100%| E|CS|TAMS 0x0000000088800000, 0x0000000088800000| Complete 
| 121|0x0000000088900000, 0x0000000088a00000, 0x0000000088a00000|100%| E|  |TAMS 0x0000000088900000, 0x0000000088900000| Complete 
| 122|0x0000000088a00000, 0x0000000088b00000, 0x0000000088b00000|100%| E|CS|TAMS 0x0000000088a00000, 0x0000000088a00000| Complete 
| 123|0x0000000088b00000, 0x0000000088c00000, 0x0000000088c00000|100%| E|CS|TAMS 0x0000000088b00000, 0x0000000088b00000| Complete 
| 124|0x0000000088c00000, 0x0000000088d00000, 0x0000000088d00000|100%| E|CS|TAMS 0x0000000088c00000, 0x0000000088c00000| Complete 
| 125|0x0000000088d00000, 0x0000000088e00000, 0x0000000088e00000|100%| E|CS|TAMS 0x0000000088d00000, 0x0000000088d00000| Complete 
| 126|0x0000000088e00000, 0x0000000088f00000, 0x0000000088f00000|100%| E|CS|TAMS 0x0000000088e00000, 0x0000000088e00000| Complete 
| 127|0x0000000088f00000, 0x0000000089000000, 0x0000000089000000|100%| E|CS|TAMS 0x0000000088f00000, 0x0000000088f00000| Complete 

Card table byte_map: [0x000001e3d3e80000,0x000001e3d4280000] _byte_map_base: 0x000001e3d3a78000

Marking Bits (Prev, Next): (CMBitMap*) 0x000001e3bc0a6e28, (CMBitMap*) 0x000001e3bc0a6e68
 Prev Bits: [0x000001e3d4680000, 0x000001e3d6640000)
 Next Bits: [0x000001e3d6640000, 0x000001e3d8600000)

Polling page: 0x000001e3b9f80000

Metaspace:

Usage:
  Non-class:      4.30 MB capacity,     2.52 MB ( 59%) used,     1.78 MB ( 41%) free+waste,     2.69 KB ( <1%) overhead. 
      Class:    443.00 KB capacity,   257.68 KB ( 58%) used,   183.76 KB ( 41%) free+waste,     1.56 KB ( <1%) overhead. 
       Both:      4.73 MB capacity,     2.77 MB ( 59%) used,     1.96 MB ( 41%) free+waste,     4.25 KB ( <1%) overhead. 

Virtual space:
  Non-class space:        8.00 MB reserved,       4.50 MB ( 56%) committed 
      Class space:        1.00 GB reserved,     512.00 KB ( <1%) committed 
             Both:        1.01 GB reserved,       5.00 MB ( <1%) committed 

Chunk freelists:
   Non-Class:  14.00 KB
       Class:  5.00 KB
        Both:  19.00 KB

MaxMetaspaceSize: 17179869184.00 GB
CompressedClassSpaceSize: 1.00 GB

CodeHeap 'non-profiled nmethods': size=120000Kb used=175Kb max_used=175Kb free=119824Kb
 bounds [0x000001e3cc000000, 0x000001e3cc270000, 0x000001e3d3530000]
CodeHeap 'profiled nmethods': size=120000Kb used=789Kb max_used=789Kb free=119210Kb
 bounds [0x000001e3c4ad0000, 0x000001e3c4d40000, 0x000001e3cc000000]
CodeHeap 'non-nmethods': size=5760Kb used=1207Kb max_used=1224Kb free=4552Kb
 bounds [0x000001e3c4530000, 0x000001e3c47a0000, 0x000001e3c4ad0000]
 total_blobs=1309 nmethods=522 adapters=276
 compilation: enabled
              stopped_count=0, restarted_count=0
 full_count=0

Compilation events (20 events):
Event: 0.227 Thread 0x000001e3db294000  513   !   3       java.security.cert.Certificate::equals (38 bytes)
Event: 0.228 Thread 0x000001e3db294000 nmethod 513 0x000001e3c4b90a90 code [0x000001e3c4b90d00, 0x000001e3c4b91b70]
Event: 0.228 Thread 0x000001e3db294000  514       3       sun.security.x509.X509CertImpl::getEncodedInternal (20 bytes)
Event: 0.228 Thread 0x000001e3db294000 nmethod 514 0x000001e3c4b92010 code [0x000001e3c4b92200, 0x000001e3c4b927c0]
Event: 0.229 Thread 0x000001e3db286800  515       4       java.lang.StringBuilder::append (8 bytes)
Event: 0.229 Thread 0x000001e3db294000  516       3       java.lang.ref.Cleaner::register (25 bytes)
Event: 0.229 Thread 0x000001e3db294000 nmethod 516 0x000001e3c4b92990 code [0x000001e3c4b92ba0, 0x000001e3c4b931b0]
Event: 0.229 Thread 0x000001e3db294000  517       3       jdk.internal.ref.CleanerImpl$PhantomCleanableRef::<init> (12 bytes)
Event: 0.229 Thread 0x000001e3db294000 nmethod 517 0x000001e3c4b93410 code [0x000001e3c4b935c0, 0x000001e3c4b937f0]
Event: 0.229 Thread 0x000001e3db294000  518       3       org.eclipse.jdt.launching.internal.org.objectweb.asm.ClassReader::readUnsignedShort (26 bytes)
Event: 0.230 Thread 0x000001e3db294000 nmethod 518 0x000001e3c4b93890 code [0x000001e3c4b93a40, 0x000001e3c4b93c18]
Event: 0.233 Thread 0x000001e3db286800 nmethod 515 0x000001e3cc02b090 code [0x000001e3cc02b240, 0x000001e3cc02b968]
Event: 38.975 Thread 0x000001e3db294000  519       3       org.eclipse.jdt.launching.internal.org.objectweb.asm.ClassReader::readUtf (44 bytes)
Event: 38.975 Thread 0x000001e3db294000 nmethod 519 0x000001e3c4b93d10 code [0x000001e3c4b93f00, 0x000001e3c4b94450]
Event: 131.825 Thread 0x000001e3db294000  520       3       org.eclipse.jdt.launching.internal.org.objectweb.asm.ClassReader::getItem (7 bytes)
Event: 131.825 Thread 0x000001e3db294000 nmethod 520 0x000001e3c4b94690 code [0x000001e3c4b94840, 0x000001e3c4b949f8]
Event: 131.825 Thread 0x000001e3db294000  521       3       org.eclipse.jdt.launching.internal.org.objectweb.asm.ClassReader::readUTF8 (23 bytes)
Event: 131.825 Thread 0x000001e3db294000 nmethod 521 0x000001e3c4b94b10 code [0x000001e3c4b94ce0, 0x000001e3c4b95010]
Event: 131.825 Thread 0x000001e3db294000  522       3       org.eclipse.jdt.launching.internal.org.objectweb.asm.Symbol::<init> (38 bytes)
Event: 131.826 Thread 0x000001e3db294000 nmethod 522 0x000001e3c4b95190 code [0x000001e3c4b95340, 0x000001e3c4b95658]

GC Heap History (0 events):
No events

Deoptimization events (20 events):
Event: 0.219 Thread 0x000001e3bc066000 DEOPT PACKING pc=0x000001e3c4b6b8a1 sp=0x00000085464f83c0
Event: 0.219 Thread 0x000001e3bc066000 DEOPT UNPACKING pc=0x000001e3c457964e sp=0x00000085464f7888 mode 0
Event: 0.219 Thread 0x000001e3bc066000 DEOPT PACKING pc=0x000001e3c4b6b8a1 sp=0x00000085464f83c0
Event: 0.219 Thread 0x000001e3bc066000 DEOPT UNPACKING pc=0x000001e3c457964e sp=0x00000085464f7888 mode 0
Event: 0.219 Thread 0x000001e3bc066000 DEOPT PACKING pc=0x000001e3c4b6b8a1 sp=0x00000085464f83c0
Event: 0.219 Thread 0x000001e3bc066000 DEOPT UNPACKING pc=0x000001e3c457964e sp=0x00000085464f7888 mode 0
Event: 0.219 Thread 0x000001e3bc066000 DEOPT PACKING pc=0x000001e3c4b6b8a1 sp=0x00000085464f83c0
Event: 0.219 Thread 0x000001e3bc066000 DEOPT UNPACKING pc=0x000001e3c457964e sp=0x00000085464f7888 mode 0
Event: 0.220 Thread 0x000001e3bc066000 DEOPT PACKING pc=0x000001e3c4b6b8a1 sp=0x00000085464f83c0
Event: 0.220 Thread 0x000001e3bc066000 DEOPT UNPACKING pc=0x000001e3c457964e sp=0x00000085464f7888 mode 0
Event: 0.220 Thread 0x000001e3bc066000 DEOPT PACKING pc=0x000001e3c4b6b8a1 sp=0x00000085464f82b0
Event: 0.220 Thread 0x000001e3bc066000 DEOPT UNPACKING pc=0x000001e3c457964e sp=0x00000085464f7778 mode 0
Event: 0.221 Thread 0x000001e3bc066000 DEOPT PACKING pc=0x000001e3c4b6b8a1 sp=0x00000085464fb630
Event: 0.222 Thread 0x000001e3bc066000 DEOPT UNPACKING pc=0x000001e3c457964e sp=0x00000085464faaf8 mode 0
Event: 0.223 Thread 0x000001e3bc066000 DEOPT PACKING pc=0x000001e3c4b6b8a1 sp=0x00000085464f8340
Event: 0.223 Thread 0x000001e3bc066000 DEOPT UNPACKING pc=0x000001e3c457964e sp=0x00000085464f7808 mode 0
Event: 0.224 Thread 0x000001e3bc066000 DEOPT PACKING pc=0x000001e3c4b6b8a1 sp=0x00000085464fb560
Event: 0.224 Thread 0x000001e3bc066000 DEOPT UNPACKING pc=0x000001e3c457964e sp=0x00000085464faa28 mode 0
Event: 0.225 Thread 0x000001e3bc066000 DEOPT PACKING pc=0x000001e3c4b6b8a1 sp=0x00000085464fb630
Event: 0.225 Thread 0x000001e3bc066000 DEOPT UNPACKING pc=0x000001e3c457964e sp=0x00000085464faaf8 mode 0

Classes unloaded (0 events):
No events

Classes redefined (2 events):
Event: 38.976 Thread 0x000001e3db265800 redefined class name=validador.validador.service.SenhaService, count=1
Event: 131.825 Thread 0x000001e3db265800 redefined class name=validador.validador.service.SenhaService, count=2

Internal exceptions (0 events):
No events

Events (20 events):
Event: 79.318 Executing VM operation: GetOwnedMonitorInfo
Event: 79.318 Executing VM operation: GetOwnedMonitorInfo done
Event: 131.825 Executing VM operation: RedefineClasses
Event: 131.826 Executing VM operation: RedefineClasses done
Event: 131.829 Executing VM operation: ChangeBreakpoints
Event: 131.829 Executing VM operation: ChangeBreakpoints done
Event: 131.831 Executing VM operation: ChangeBreakpoints
Event: 131.831 Executing VM operation: ChangeBreakpoints done
Event: 131.831 Executing VM operation: ChangeBreakpoints
Event: 131.831 Executing VM operation: ChangeBreakpoints done
Event: 131.832 Executing VM operation: GetFrameCount
Event: 131.832 Executing VM operation: GetFrameCount done
Event: 131.832 Executing VM operation: GetStackTrace
Event: 131.832 Executing VM operation: GetStackTrace done
Event: 131.843 Executing VM operation: GetFrameCount
Event: 131.843 Executing VM operation: GetFrameCount done
Event: 131.843 Executing VM operation: GetOwnedMonitorInfo
Event: 131.843 Executing VM operation: GetOwnedMonitorInfo done
Event: 131.843 Executing VM operation: GetCurrentContendedMonitor
Event: 131.843 Executing VM operation: GetCurrentContendedMonitor done


Dynamic libraries:
0x00007ff6bd140000 - 0x00007ff6bd14f000 	C:\Program Files\Java\jdk-13.0.2\bin\javaw.exe
0x00007ffc37430000 - 0x00007ffc37625000 	C:\WINDOWS\SYSTEM32\ntdll.dll
0x00007ffc36d70000 - 0x00007ffc36e2d000 	C:\WINDOWS\System32\KERNEL32.DLL
0x00007ffc34c70000 - 0x00007ffc34f38000 	C:\WINDOWS\System32\KERNELBASE.dll
0x00007ffc34b70000 - 0x00007ffc34c70000 	C:\WINDOWS\System32\ucrtbase.dll
0x00007ffc15030000 - 0x00007ffc15045000 	C:\Program Files\Java\jdk-13.0.2\bin\VCRUNTIME140.dll
0x00007ffc323f0000 - 0x00007ffc32408000 	C:\Program Files\Java\jdk-13.0.2\bin\jli.dll
0x00007ffc36cc0000 - 0x00007ffc36d6c000 	C:\WINDOWS\System32\ADVAPI32.dll
0x00007ffc36740000 - 0x00007ffc367de000 	C:\WINDOWS\System32\msvcrt.dll
0x00007ffc35d60000 - 0x00007ffc35dfb000 	C:\WINDOWS\System32\sechost.dll
0x00007ffc36580000 - 0x00007ffc366ab000 	C:\WINDOWS\System32\RPCRT4.dll
0x00007ffc36f60000 - 0x00007ffc37100000 	C:\WINDOWS\System32\USER32.dll
0x00007ffc2a4d0000 - 0x00007ffc2a76a000 	C:\WINDOWS\WinSxS\amd64_microsoft.windows.common-controls_6595b64144ccf1df_6.0.19041.844_none_ca00b6081b84eb1d\COMCTL32.dll
0x00007ffc35190000 - 0x00007ffc351b2000 	C:\WINDOWS\System32\win32u.dll
0x00007ffc37210000 - 0x00007ffc3723a000 	C:\WINDOWS\System32\GDI32.dll
0x00007ffc35320000 - 0x00007ffc3542b000 	C:\WINDOWS\System32\gdi32full.dll
0x00007ffc2c7e0000 - 0x00007ffc2c7ea000 	C:\WINDOWS\SYSTEM32\VERSION.dll
0x00007ffc35070000 - 0x00007ffc3510d000 	C:\WINDOWS\System32\msvcp_win.dll
0x00007ffc35e10000 - 0x00007ffc35e40000 	C:\WINDOWS\System32\IMM32.DLL
0x00007ffc00d90000 - 0x00007ffc00e2b000 	C:\Program Files\Java\jdk-13.0.2\bin\msvcp140.dll
0x00007ffbc2100000 - 0x00007ffbc2c5d000 	C:\Program Files\Java\jdk-13.0.2\bin\server\jvm.dll
0x00007ffc35e00000 - 0x00007ffc35e08000 	C:\WINDOWS\System32\PSAPI.DLL
0x00007ffc323a0000 - 0x00007ffc323a9000 	C:\WINDOWS\SYSTEM32\WSOCK32.dll
0x00007ffc2a920000 - 0x00007ffc2a947000 	C:\WINDOWS\SYSTEM32\WINMM.dll
0x00007ffc35f80000 - 0x00007ffc35feb000 	C:\WINDOWS\System32\WS2_32.dll
0x00007ffc32a90000 - 0x00007ffc32aa2000 	C:\WINDOWS\SYSTEM32\kernel.appcore.dll
0x00007ffc32390000 - 0x00007ffc323a0000 	C:\Program Files\Java\jdk-13.0.2\bin\verify.dll
0x00007ffc299f0000 - 0x00007ffc29bd4000 	C:\WINDOWS\SYSTEM32\DBGHELP.DLL
0x00007ffc29940000 - 0x00007ffc2996c000 	C:\WINDOWS\SYSTEM32\dbgcore.DLL
0x00007ffc35110000 - 0x00007ffc35190000 	C:\WINDOWS\System32\bcryptPrimitives.dll
0x00007ffc12bc0000 - 0x00007ffc12be6000 	C:\Program Files\Java\jdk-13.0.2\bin\java.dll
0x00007ffc031d0000 - 0x00007ffc03208000 	C:\Program Files\Java\jdk-13.0.2\bin\jdwp.dll
0x00007ffc1bd40000 - 0x00007ffc1bd4e000 	C:\Program Files\Java\jdk-13.0.2\bin\instrument.dll
0x00007ffc32360000 - 0x00007ffc32377000 	C:\Program Files\Java\jdk-13.0.2\bin\zip.dll
0x00007ffc32330000 - 0x00007ffc3233a000 	C:\Program Files\Java\jdk-13.0.2\bin\jimage.dll
0x00007ffc35610000 - 0x00007ffc35d52000 	C:\WINDOWS\System32\SHELL32.dll
0x00007ffc32c90000 - 0x00007ffc33421000 	C:\WINDOWS\SYSTEM32\windows.storage.dll
0x00007ffc36220000 - 0x00007ffc36575000 	C:\WINDOWS\System32\combase.dll
0x00007ffc34510000 - 0x00007ffc3453c000 	C:\WINDOWS\SYSTEM32\Wldp.dll
0x00007ffc37100000 - 0x00007ffc371ae000 	C:\WINDOWS\System32\SHCORE.dll
0x00007ffc360d0000 - 0x00007ffc36125000 	C:\WINDOWS\System32\shlwapi.dll
0x00007ffc34ab0000 - 0x00007ffc34acf000 	C:\WINDOWS\SYSTEM32\profapi.dll
0x00007ffc1baf0000 - 0x00007ffc1bafb000 	C:\Program Files\Java\jdk-13.0.2\bin\dt_socket.dll
0x00007ffc342f0000 - 0x00007ffc3435a000 	C:\WINDOWS\system32\mswsock.dll
0x00007ffc34000000 - 0x00007ffc340cc000 	C:\WINDOWS\SYSTEM32\DNSAPI.dll
0x00007ffc33fb0000 - 0x00007ffc33feb000 	C:\WINDOWS\SYSTEM32\IPHLPAPI.DLL
0x00007ffc36c50000 - 0x00007ffc36c58000 	C:\WINDOWS\System32\NSI.dll
0x00007ffc2df40000 - 0x00007ffc2df4a000 	C:\Windows\System32\rasadhlp.dll
0x00007ffc2deb0000 - 0x00007ffc2df2f000 	C:\WINDOWS\System32\fwpuclnt.dll
0x00007ffc34f40000 - 0x00007ffc34f67000 	C:\WINDOWS\System32\bcrypt.dll
0x00007ffc156c0000 - 0x00007ffc156d9000 	C:\Program Files\Java\jdk-13.0.2\bin\net.dll
0x00007ffc2e190000 - 0x00007ffc2e29b000 	C:\WINDOWS\SYSTEM32\WINHTTP.dll
0x00007ffc14740000 - 0x00007ffc14753000 	C:\Program Files\Java\jdk-13.0.2\bin\nio.dll

dbghelp: loaded successfully - version: 4.0.5 - missing functions: none
symbol engine: initialized successfully - sym options: 0x614 - pdb path: .;C:\Program Files\Java\jdk-13.0.2\bin;C:\WINDOWS\SYSTEM32;C:\WINDOWS\WinSxS\amd64_microsoft.windows.common-controls_6595b64144ccf1df_6.0.19041.844_none_ca00b6081b84eb1d;C:\Program Files\Java\jdk-13.0.2\bin\server

VM Arguments:
jvm_args: -agentlib:jdwp=transport=dt_socket,suspend=y,address=localhost:58078 -javaagent:C:\Users\Luis Henrique\eclipse\java-2020-06\eclipse\configuration\org.eclipse.osgi\222\0\.cp\lib\javaagent-shaded.jar -Dfile.encoding=UTF-8 
java_command: validador.validador.service.SenhaService
java_class_path (initial): C:\Users\Luis Henrique\Desktop\futebol-master\target\classes;C:\Users\Luis Henrique\.m2\repository\org\springframework\boot\spring-boot-starter-data-jpa\2.2.4.RELEASE\spring-boot-starter-data-jpa-2.2.4.RELEASE.jar;C:\Users\Luis Henrique\.m2\repository\org\springframework\boot\spring-boot-starter-aop\2.2.4.RELEASE\spring-boot-starter-aop-2.2.4.RELEASE.jar;C:\Users\Luis Henrique\.m2\repository\org\springframework\spring-aop\5.2.3.RELEASE\spring-aop-5.2.3.RELEASE.jar;C:\Users\Luis Henrique\.m2\repository\org\aspectj\aspectjweaver\1.9.5\aspectjweaver-1.9.5.jar;C:\Users\Luis Henrique\.m2\repository\org\springframework\boot\spring-boot-starter-jdbc\2.2.4.RELEASE\spring-boot-starter-jdbc-2.2.4.RELEASE.jar;C:\Users\Luis Henrique\.m2\repository\com\zaxxer\HikariCP\3.4.2\HikariCP-3.4.2.jar;C:\Users\Luis Henrique\.m2\repository\org\springframework\spring-jdbc\5.2.3.RELEASE\spring-jdbc-5.2.3.RELEASE.jar;C:\Users\Luis Henrique\.m2\repository\jakarta\activation\jakarta.activation-api\1.2.1\jakarta.activation-api-1.2.1.jar;C:\Users\Luis Henrique\.m2\repository\jakarta\persistence\jakarta.persistence-api\2.2.3\jakarta.persistence-api-2.2.3.jar;C:\Users\Luis Henrique\.m2\repository\jakarta\transaction\jakarta.transaction-api\1.3.3\jakarta.transaction-api-1.3.3.jar;C:\Users\Luis Henrique\.m2\repository\org\hibernate\hibernate-core\5.4.10.Final\hibernate-core-5.4.10.Final.jar;C:\Users\Luis Henrique\.m2\repository\org\jboss\logging\jboss-logging\3.4.1.Final\jboss-logging-3.4.1.Final.jar;C:\Users\Luis Henrique\.m2\repository\org\javassist\javassist\3.24.0-GA\javassist-3.24.0-GA.jar;C:\Users\Luis Henrique\.m2\repository\net\bytebuddy\byte-buddy\1.10.6\byte-buddy-1.10.6.jar;C:\Users\Luis Henrique\.m2\repository\antlr\antlr\2.7.7\antlr-2.7.7.jar;C:\Users\Luis Henrique\.m2\repository\org\jboss\jandex\2.1.1.Final\jandex-2.1.1.Final.jar;C:\Users\Luis Henrique\.m2\repository\com\fasterxml\classmate\1.5.1\classmate-1.5.1.jar;C:\Users\Luis Henrique\.m2\repository\org
Launcher Type: SUN_STANDARD

[Global flags]
     intx CICompilerCount                          = 4                                         {product} {ergonomic}
     uint ConcGCThreads                            = 3                                         {product} {ergonomic}
     uint G1ConcRefinementThreads                  = 10                                        {product} {ergonomic}
   size_t G1HeapRegionSize                         = 1048576                                   {product} {ergonomic}
    uintx GCDrainStackTargetSize                   = 64                                        {product} {ergonomic}
   size_t InitialHeapSize                          = 134217728                                 {product} {ergonomic}
   size_t MarkStackSize                            = 4194304                                   {product} {ergonomic}
   size_t MaxHeapSize                              = 2130706432                                {product} {ergonomic}
   size_t MaxNewSize                               = 1278214144                                {product} {ergonomic}
   size_t MinHeapDeltaBytes                        = 1048576                                   {product} {ergonomic}
   size_t MinHeapSize                              = 8388608                                   {product} {ergonomic}
    uintx NonNMethodCodeHeapSize                   = 5839372                                {pd product} {ergonomic}
    uintx NonProfiledCodeHeapSize                  = 122909434                              {pd product} {ergonomic}
    uintx ProfiledCodeHeapSize                     = 122909434                              {pd product} {ergonomic}
    uintx ReservedCodeCacheSize                    = 251658240                              {pd product} {ergonomic}
     bool SegmentedCodeCache                       = true                                      {product} {ergonomic}
   size_t SoftMaxHeapSize                          = 2130706432                             {manageable} {ergonomic}
     bool UseCompressedClassPointers               = true                                 {lp64_product} {ergonomic}
     bool UseCompressedOops                        = true                                 {lp64_product} {ergonomic}
     bool UseG1GC                                  = true                                      {product} {ergonomic}
     bool UseLargePagesIndividualAllocation        = false                                  {pd product} {ergonomic}

Logging:
Log output configuration:
 #0: stdout all=warning uptime,level,tags
 #1: stderr all=off uptime,level,tags

Environment Variables:
PATH=C:/Program Files/Java/jdk-13.0.2/bin/server;C:/Program Files/Java/jdk-13.0.2/bin;C:\Program Files (x86)\Common Files\Oracle\Java\javapath;C:\Windows\system32;C:\Windows;C:\Windows\System32\Wbem;C:\Windows\System32\WindowsPowerShell\v1.0\;C:\Windows\System32\OpenSSH\;C:\Program Files\NVIDIA Corporation\NVIDIA NvDLISR;C:\Program Files (x86)\NVIDIA Corporation\PhysX\Common;D:\Git\cmd;D:\;C:\Program Files\Docker\Docker\resources\bin;C:\ProgramData\DockerDesktop\version-bin;C:\WINDOWS\system32;C:\WINDOWS;C:\WINDOWS\System32\Wbem;C:\WINDOWS\System32\WindowsPowerShell\v1.0\;C:\WINDOWS\System32\OpenSSH\;C:\Users\Luis Henrique\AppData\Local\Microsoft\WindowsApps;C:\Users\Luis Henrique\AppData\Roaming\npm;D:\Microsoft VS Code\bin;D:\heroku\bin;;C:\WINDOWS\system32;
USERNAME=Luis Henrique
OS=Windows_NT
PROCESSOR_IDENTIFIER=AMD64 Family 23 Model 113 Stepping 0, AuthenticAMD



---------------  S Y S T E M  ---------------

OS: Windows 10 , 64 bit Build 19041 (10.0.19041.928)
HyperV virtualization detected

CPU:total 12 (initial active 12) (12 cores per cpu, 2 threads per core) family 23 model 113 stepping 0, cmov, cx8, fxsr, mmx, sse, sse2, sse3, ssse3, sse4.1, sse4.2, popcnt, avx, avx2, aes, clmul, mmxext, 3dnowpref, lzcnt, sse4a, ht, tsc, tscinvbit, tscinv, bmi1, bmi2, adx, sha, fma

Memory: 4k page, system-wide physical 8126M (1793M free)
TotalPageFile size 17854M (AvailPageFile size 4236M)
current process WorkingSet (physical memory assigned to process): 47M, peak: 50M
current process commit charge ("private bytes"): 223M, peak: 225M

vm_info: Java HotSpot(TM) 64-Bit Server VM (13.0.2+8) for windows-amd64 JRE (13.0.2+8), built on Dec 11 2019 09:20:33 by "mach5one" with unknown MS VC++:1916

END.
